LearnIt 3/app/build/outputs/logs/manifest-merger-debug-report.txt
-- Merging decision tree log ---
manifest
ADDED from src/main/AndroidManifest.xml:2:1-83:12
	package
		ADDED from src/main/AndroidManifest.xml:3:5-34
		INJECTED from src/main/AndroidManifest.xml
		INJECTED from src/main/AndroidManifest.xml
	android:versionName
		INJECTED from src/main/AndroidManifest.xml
		INJECTED from src/main/AndroidManifest.xml
	xmlns:android
		ADDED from src/main/AndroidManifest.xml:2:11-69
	android:versionCode
		INJECTED from src/main/AndroidManifest.xml
		INJECTED from src/main/AndroidManifest.xml
uses-permission#android.permission.INTERNET
ADDED from src/main/AndroidManifest.xml:5:5-6:23
	android:name
		ADDED from src/main/AndroidManifest.xml:5:22-64
uses-permission#android.permission.ACCESS_NETWORK_STATE
ADDED from src/main/AndroidManifest.xml:7:5-79
	android:name
		ADDED from src/main/AndroidManifest.xml:7:22-76
application
ADDED from src/main/AndroidManifest.xml:9:5-81:19
MERGED from [com.android.support:appcompat-v7:22.2.1] AndroidManifest.xml:22:5-20
MERGED from [com.android.support:support-v4:22.2.1] AndroidManifest.xml:22:5-20
MERGED from [com.android.support:design:22.2.1] AndroidManifest.xml:22:5-20
MERGED from [com.android.support:appcompat-v7:22.2.1] AndroidManifest.xml:22:5-20
MERGED from [com.android.support:support-v4:22.2.1] AndroidManifest.xml:22:5-20
MERGED from [com.android.support:support-v4:22.2.1] AndroidManifest.xml:22:5-20
MERGED from [com.android.support:cardview-v7:22.2.0] AndroidManifest.xml:22:5-20
MERGED from [com.github.gabrielemariotti.cards:cardslib-core:2.1.0] AndroidManifest.xml:28:5-29:19
MERGED from [com.android.support:support-v4:22.2.1] AndroidManifest.xml:22:5-20
MERGED from [com.android.support:cardview-v7:22.2.0] AndroidManifest.xml:22:5-20
MERGED from [com.github.gabrielemariotti.cards:cardslib-cards:2.1.0] AndroidManifest.xml:28:5-29:19
MERGED from [com.github.gabrielemariotti.cards:cardslib-core:2.1.0] AndroidManifest.xml:28:5-29:19
MERGED from [com.android.support:support-v4:22.2.1] AndroidManifest.xml:22:5-20
MERGED from [com.android.support:cardview-v7:22.2.0] AndroidManifest.xml:22:5-20
MERGED from [com.github.gabrielemariotti.cards:cardslib-recyclerview:2.1.0] AndroidManifest.xml:28:5-29:19
MERGED from [com.android.support:recyclerview-v7:22.1.1] AndroidManifest.xml:22:5-26:19
MERGED from [com.android.support:support-v4:22.2.1] AndroidManifest.xml:22:5-20
MERGED from [com.github.gabrielemariotti.cards:cardslib-core:2.1.0] AndroidManifest.xml:28:5-29:19
MERGED from [com.android.support:support-v4:22.2.1] AndroidManifest.xml:22:5-20
MERGED from [com.android.support:cardview-v7:22.2.0] AndroidManifest.xml:22:5-20
MERGED from [com.github.gabrielemariotti.cards:cardslib-extra-staggeredgrid:2.1.0] AndroidManifest.xml:28:5-29:19
MERGED from [com.etsy.android.grid:library:1.0.5] AndroidManifest.xml:6:5-19
MERGED from [com.android.support:support-v4:22.2.1] AndroidManifest.xml:22:5-20
MERGED from [com.github.gabrielemariotti.cards:cardslib-core:2.1.0] AndroidManifest.xml:28:5-29:19
MERGED from [com.android.support:support-v4:22.2.1] AndroidManifest.xml:22:5-20
MERGED from [com.android.support:cardview-v7:22.2.0] AndroidManifest.xml:22:5-20
MERGED from [com.github.gabrielemariotti.cards:cardslib-extra-dragdrop:2.1.0] AndroidManifest.xml:28:5-29:19
MERGED from [com.github.gabrielemariotti.cards:cardslib-core:2.1.0] AndroidManifest.xml:28:5-29:19
MERGED from [com.android.support:support-v4:22.2.1] AndroidManifest.xml:22:5-20
MERGED from [com.android.support:cardview-v7:22.2.0] AndroidManifest.xml:22:5-20
	android:label
		ADDED from src/main/AndroidManifest.xml:12:9-41
	android:allowBackup
		ADDED from src/main/AndroidManifest.xml:10:9-35
	android:icon
		ADDED from src/main/AndroidManifest.xml:11:9-43
	android:theme
		ADDED from src/main/AndroidManifest.xml:13:9-65
activity#com.android.learnit.MainActivity
ADDED from src/main/AndroidManifest.xml:14:9-22:20
	android:label
		ADDED from src/main/AndroidManifest.xml:16:13-45
	android:name
		ADDED from src/main/AndroidManifest.xml:15:13-41
intent-filter#android.intent.action.MAIN+android.intent.category.LAUNCHER
ADDED from src/main/AndroidManifest.xml:17:13-21:29
action#android.intent.action.MAIN
ADDED from src/main/AndroidManifest.xml:18:17-69
	android:name
		ADDED from src/main/AndroidManifest.xml:18:25-66
category#android.intent.category.LAUNCHER
ADDED from src/main/AndroidManifest.xml:20:17-77
	android:name
		ADDED from src/main/AndroidManifest.xml:20:27-74
activity#com.android.learnit.firstact
ADDED from src/main/AndroidManifest.xml:23:9-27:20
	android:label
		ADDED from src/main/AndroidManifest.xml:25:13-29
	android:theme
		ADDED from src/main/AndroidManifest.xml:26:13-43
	android:name
		ADDED from src/main/AndroidManifest.xml:24:13-37
activity#com.android.learnit.words
ADDED from src/main/AndroidManifest.xml:28:9-32:20
	android:label
		ADDED from src/main/AndroidManifest.xml:30:13-29
	android:theme
		ADDED from src/main/AndroidManifest.xml:31:13-43
	android:name
		ADDED from src/main/AndroidManifest.xml:29:13-34
activity#com.android.learnit.Register
ADDED from src/main/AndroidManifest.xml:33:9-36:20
	android:label
		ADDED from src/main/AndroidManifest.xml:35:13-60
	android:name
		ADDED from src/main/AndroidManifest.xml:34:13-37
activity#com.android.learnit.LoginActivity
ADDED from src/main/AndroidManifest.xml:37:9-40:20
	android:label
		ADDED from src/main/AndroidManifest.xml:39:13-57
	android:name
		ADDED from src/main/AndroidManifest.xml:38:13-42
activity#com.android.learnit.Quiz
ADDED from src/main/AndroidManifest.xml:41:9-46:20
	android:label
		ADDED from src/main/AndroidManifest.xml:43:13-56
	android:windowSoftInputMode
		ADDED from src/main/AndroidManifest.xml:45:13-55
	android:theme
		ADDED from src/main/AndroidManifest.xml:44:13-41
	android:name
		ADDED from src/main/AndroidManifest.xml:42:13-33
activity#com.android.learnit.Score
ADDED from src/main/AndroidManifest.xml:47:9-51:20
	android:label
		ADDED from src/main/AndroidManifest.xml:49:13-57
	android:theme
		ADDED from src/main/AndroidManifest.xml:50:13-41
	android:name
		ADDED from src/main/AndroidManifest.xml:48:13-34
activity#com.android.learnit.Dashboard
ADDED from src/main/AndroidManifest.xml:52:9-56:20
	android:label
		ADDED from src/main/AndroidManifest.xml:54:13-61
	android:theme
		ADDED from src/main/AndroidManifest.xml:55:13-43
	android:name
		ADDED from src/main/AndroidManifest.xml:53:13-38
activity#com.android.learnit.flashcard
ADDED from src/main/AndroidManifest.xml:57:9-61:20
	android:label
		ADDED from src/main/AndroidManifest.xml:59:13-61
	android:theme
		ADDED from src/main/AndroidManifest.xml:60:13-41
	android:name
		ADDED from src/main/AndroidManifest.xml:58:13-38
activity#com.android.learnit.SetActivity
ADDED from src/main/AndroidManifest.xml:62:9-66:20
	android:label
		ADDED from src/main/AndroidManifest.xml:64:13-29
	android:theme
		ADDED from src/main/AndroidManifest.xml:65:13-43
	android:name
		ADDED from src/main/AndroidManifest.xml:63:13-40
activity#com.android.learnit.ViewSets
ADDED from src/main/AndroidManifest.xml:67:9-71:20
	android:label
		ADDED from src/main/AndroidManifest.xml:69:13-36
	android:theme
		ADDED from src/main/AndroidManifest.xml:70:13-43
	android:name
		ADDED from src/main/AndroidManifest.xml:68:13-37
activity#com.android.learnit.match_game
ADDED from src/main/AndroidManifest.xml:72:9-75:20
	android:label
		ADDED from src/main/AndroidManifest.xml:74:13-36
	android:name
		ADDED from src/main/AndroidManifest.xml:73:13-39
activity#com.android.learnit.Predefined
ADDED from src/main/AndroidManifest.xml:76:9-80:20
	android:label
		ADDED from src/main/AndroidManifest.xml:78:13-62
	android:theme
		ADDED from src/main/AndroidManifest.xml:79:13-43
	android:name
		ADDED from src/main/AndroidManifest.xml:77:13-39
uses-sdk
INJECTED from src/main/AndroidManifest.xml reason: use-sdk injection requested
MERGED from [com.android.support:appcompat-v7:22.2.1] AndroidManifest.xml:20:5-43
MERGED from [com.android.support:support-v4:22.2.1] AndroidManifest.xml:20:5-43
MERGED from [com.android.support:design:22.2.1] AndroidManifest.xml:20:5-43
MERGED from [com.android.support:appcompat-v7:22.2.1] AndroidManifest.xml:20:5-43
MERGED from [com.android.support:support-v4:22.2.1] AndroidManifest.xml:20:5-43
MERGED from [com.android.support:support-v4:22.2.1] AndroidManifest.xml:20:5-43
MERGED from [com.android.support:cardview-v7:22.2.0] AndroidManifest.xml:20:5-43
MERGED from [com.github.gabrielemariotti.cards:cardslib-core:2.1.0] AndroidManifest.xml:24:5-26:41
MERGED from [com.android.support:support-v4:22.2.1] AndroidManifest.xml:20:5-43
MERGED from [com.android.support:cardview-v7:22.2.0] AndroidManifest.xml:20:5-43
MERGED from [com.github.gabrielemariotti.cards:cardslib-cards:2.1.0] AndroidManifest.xml:24:5-26:41
MERGED from [com.github.gabrielemariotti.cards:cardslib-core:2.1.0] AndroidManifest.xml:24:5-26:41
MERGED from [com.android.support:support-v4:22.2.1] AndroidManifest.xml:20:5-43
MERGED from [com.android.support:cardview-v7:22.2.0] AndroidManifest.xml:20:5-43
MERGED from [com.github.gabrielemariotti.cards:cardslib-recyclerview:2.1.0] AndroidManifest.xml:24:5-26:41
MERGED from [com.android.support:recyclerview-v7:22.1.1] AndroidManifest.xml:20:5-43
MERGED from [com.android.support:support-v4:22.2.1] AndroidManifest.xml:20:5-43
MERGED from [com.github.gabrielemariotti.cards:cardslib-core:2.1.0] AndroidManifest.xml:24:5-26:41
MERGED from [com.android.support:support-v4:22.2.1] AndroidManifest.xml:20:5-43
MERGED from [com.android.support:cardview-v7:22.2.0] AndroidManifest.xml:20:5-43
MERGED from [com.github.gabrielemariotti.cards:cardslib-extra-staggeredgrid:2.1.0] AndroidManifest.xml:24:5-26:41
MERGED from [com.etsy.android.grid:library:1.0.5] AndroidManifest.xml:4:5-43
MERGED from [com.android.support:support-v4:22.2.1] AndroidManifest.xml:20:5-43
MERGED from [com.github.gabrielemariotti.cards:cardslib-core:2.1.0] AndroidManifest.xml:24:5-26:41
MERGED from [com.android.support:support-v4:22.2.1] AndroidManifest.xml:20:5-43
MERGED from [com.android.support:cardview-v7:22.2.0] AndroidManifest.xml:20:5-43
MERGED from [com.github.gabrielemariotti.cards:cardslib-extra-dragdrop:2.1.0] AndroidManifest.xml:24:5-26:41
MERGED from [com.github.gabrielemariotti.cards:cardslib-core:2.1.0] AndroidManifest.xml:24:5-26:41
MERGED from [com.android.support:support-v4:22.2.1] AndroidManifest.xml:20:5-43
MERGED from [com.android.support:cardview-v7:22.2.0] AndroidManifest.xml:20:5-43
	android:targetSdkVersion
		INJECTED from src/main/AndroidManifest.xml
		INJECTED from src/main/AndroidManifest.xml
	android:minSdkVersion
		INJECTED from src/main/AndroidManifest.xml
		INJECTED from src/main/AndroidManifest.xml
activity#android.support.v7.widget.TestActivity
ADDED from [com.android.support:recyclerview-v7:22.1.1] AndroidManifest.xml:23:9-25:56
	android:label
		ADDED from [com.android.support:recyclerview-v7:22.1.1] AndroidManifest.xml:25:13-53
	android:name
		ADDED from [com.android.support:recyclerview-v7:22.1.1] AndroidManifest.xml:24:13-66